<?xml version="1.0" encoding="UTF-8"?>
<!-- Generated by org.testng.reporters.JUnitReportReporter -->
<testsuite skipped="0" hostname="DESKTOP-JNT3F6A" name="com.nse.test.LoginUITest" tests="2" failures="0" timestamp="2022-04-02T14:43:01 IST" time="18.829" errors="0">
  <testcase name="validateTitleTest" time="10.878" classname="com.nse.test.LoginUITest"/>
  <system-out/>
  <testcase name="UIcomponentTest" time="7.951" classname="com.nse.test.LoginUITest"/>
  <system-out/>
</testsuite> <!-- com.nse.test.LoginUITest -->
